[debug] [2023-10-03T04:54:19.397Z] ----------------------------------------------------------------------
[debug] [2023-10-03T04:54:19.399Z] Command:       /opt/homebrew/Cellar/node/19.7.0/bin/node /opt/homebrew/bin/firebase init
[debug] [2023-10-03T04:54:19.399Z] CLI Version:   12.6.1
[debug] [2023-10-03T04:54:19.399Z] Platform:      darwin
[debug] [2023-10-03T04:54:19.399Z] Node Version:  v19.7.0
[debug] [2023-10-03T04:54:19.399Z] Time:          Mon Oct 02 2023 21:54:19 GMT-0700 (Pacific Daylight Time)
[debug] [2023-10-03T04:54:19.399Z] ----------------------------------------------------------------------
[debug] 
[debug] [2023-10-03T04:54:19.402Z] >>> [apiv2][query] GET https://firebase-public.firebaseio.com/cli.json [none]
[debug] [2023-10-03T04:54:19.417Z] > command requires scopes: ["email","openid","https://www.googleapis.com/auth/cloudplatformprojects.readonly","https://www.googleapis.com/auth/firebase","https://www.googleapis.com/auth/cloud-platform"]
[debug] [2023-10-03T04:54:19.417Z] > authorizing via signed-in user (sheajanke@gmail.com)
[info] 
     ######## #### ########  ######## ########     ###     ######  ########
     ##        ##  ##     ## ##       ##     ##  ##   ##  ##       ##
     ######    ##  ########  ######   ########  #########  ######  ######
     ##        ##  ##    ##  ##       ##     ## ##     ##       ## ##
     ##       #### ##     ## ######## ########  ##     ##  ######  ########

You're about to initialize a Firebase project in this directory:

  /Users/sheajanke/Documents/Github/recipe-box-web

[debug] [2023-10-03T04:54:19.579Z] <<< [apiv2][status] GET https://firebase-public.firebaseio.com/cli.json 200
[debug] [2023-10-03T04:54:19.580Z] <<< [apiv2][body] GET https://firebase-public.firebaseio.com/cli.json {"cloudBuildErrorAfter":1594252800000,"cloudBuildWarnAfter":1590019200000,"defaultNode10After":1594252800000,"minVersion":"3.0.5","node8DeploysDisabledAfter":1613390400000,"node8RuntimeDisabledAfter":1615809600000,"node8WarnAfter":1600128000000}
[info] 
=== Project Setup
[info] 
[info] First, let's associate this project directory with a Firebase project.
[info] You can create multiple project aliases by running firebase use --add, 
[info] but for now we'll just set up a default project.
[info] 
[debug] [2023-10-03T04:55:45.822Z] > refreshing access token with scopes: []
[debug] [2023-10-03T04:55:45.823Z] >>> [apiv2][query] POST https://www.googleapis.com/oauth2/v3/token [none]
[debug] [2023-10-03T04:55:45.824Z] >>> [apiv2][body] POST https://www.googleapis.com/oauth2/v3/token [omitted]
[debug] [2023-10-03T04:55:45.978Z] <<< [apiv2][status] POST https://www.googleapis.com/oauth2/v3/token 200
[debug] [2023-10-03T04:55:45.978Z] <<< [apiv2][body] POST https://www.googleapis.com/oauth2/v3/token [omitted]
[debug] [2023-10-03T04:55:45.991Z] >>> [apiv2][query] GET https://firebase.googleapis.com/v1beta1/projects pageSize=100
[debug] [2023-10-03T04:55:46.506Z] <<< [apiv2][status] GET https://firebase.googleapis.com/v1beta1/projects 200
[debug] [2023-10-03T04:55:46.506Z] <<< [apiv2][body] GET https://firebase.googleapis.com/v1beta1/projects [omitted]
[info] i  Using project recipe-archive-v2 (Recipe Archive V2) 
[info] 
=== Firestore Setup
[debug] [2023-10-03T04:55:48.858Z] >>> [apiv2][query] GET https://serviceusage.googleapis.com/v1/projects/recipe-archive-v2/services/firestore.googleapis.com [none]
[debug] [2023-10-03T04:55:48.858Z] >>> [apiv2][(partial)header] GET https://serviceusage.googleapis.com/v1/projects/recipe-archive-v2/services/firestore.googleapis.com x-goog-quota-user=projects/recipe-archive-v2
[debug] [2023-10-03T04:55:49.475Z] <<< [apiv2][status] GET https://serviceusage.googleapis.com/v1/projects/recipe-archive-v2/services/firestore.googleapis.com 200
[debug] [2023-10-03T04:55:49.475Z] <<< [apiv2][body] GET https://serviceusage.googleapis.com/v1/projects/recipe-archive-v2/services/firestore.googleapis.com [omitted]
[debug] [2023-10-03T04:55:49.476Z] >>> [apiv2][query] GET https://firestore.googleapis.com/v1/projects/recipe-archive-v2/databases/(default) [none]
[debug] [2023-10-03T04:55:49.897Z] <<< [apiv2][status] GET https://firestore.googleapis.com/v1/projects/recipe-archive-v2/databases/(default) 200
[debug] [2023-10-03T04:55:49.897Z] <<< [apiv2][body] GET https://firestore.googleapis.com/v1/projects/recipe-archive-v2/databases/(default) {"name":"projects/recipe-archive-v2/databases/(default)","uid":"b766e997-edf7-499b-855a-a876ae8f07e5","createTime":"2023-07-28T04:40:07.682066Z","updateTime":"2023-07-28T04:40:07.682066Z","locationId":"nam5","type":"FIRESTORE_NATIVE","concurrencyMode":"PESSIMISTIC","versionRetentionPeriod":"3600s","earliestVersionTime":"2023-10-03T03:55:49.946093Z","appEngineIntegrationMode":"DISABLED","keyPrefix":"s","pointInTimeRecoveryEnablement":"POINT_IN_TIME_RECOVERY_DISABLED","deleteProtectionState":"DELETE_PROTECTION_DISABLED","etag":"IIWZkKOL2YEDMJ3Rueq9rYED"}
[debug] [2023-10-03T04:55:49.897Z] database_type: FIRESTORE_NATIVE
[debug] [2023-10-03T04:55:49.897Z] > command requires scopes: ["email","openid","https://www.googleapis.com/auth/cloudplatformprojects.readonly","https://www.googleapis.com/auth/firebase","https://www.googleapis.com/auth/cloud-platform"]
[debug] [2023-10-03T04:55:49.897Z] > authorizing via signed-in user (sheajanke@gmail.com)
[debug] [2023-10-03T04:55:49.897Z] [iam] checking project recipe-archive-v2 for permissions ["firebase.projects.get"]
[debug] [2023-10-03T04:55:49.897Z] >>> [apiv2][query] POST https://cloudresourcemanager.googleapis.com/v1/projects/recipe-archive-v2:testIamPermissions [none]
[debug] [2023-10-03T04:55:49.897Z] >>> [apiv2][(partial)header] POST https://cloudresourcemanager.googleapis.com/v1/projects/recipe-archive-v2:testIamPermissions x-goog-quota-user=projects/recipe-archive-v2
[debug] [2023-10-03T04:55:49.897Z] >>> [apiv2][body] POST https://cloudresourcemanager.googleapis.com/v1/projects/recipe-archive-v2:testIamPermissions {"permissions":["firebase.projects.get"]}
[debug] [2023-10-03T04:55:50.041Z] <<< [apiv2][status] POST https://cloudresourcemanager.googleapis.com/v1/projects/recipe-archive-v2:testIamPermissions 200
[debug] [2023-10-03T04:55:50.041Z] <<< [apiv2][body] POST https://cloudresourcemanager.googleapis.com/v1/projects/recipe-archive-v2:testIamPermissions {"permissions":["firebase.projects.get"]}
[info] 
[info] Firestore Security Rules allow you to define how and when to allow
[info] requests. You can keep these rules in your project directory
[info] and publish them with firebase deploy.
[info] 
[debug] [2023-10-03T04:56:00.720Z] >>> [apiv2][query] GET https://firebaserules.googleapis.com/v1/projects/recipe-archive-v2/releases pageSize=10&pageToken=
[debug] [2023-10-03T04:56:01.146Z] <<< [apiv2][status] GET https://firebaserules.googleapis.com/v1/projects/recipe-archive-v2/releases 200
[debug] [2023-10-03T04:56:01.146Z] <<< [apiv2][body] GET https://firebaserules.googleapis.com/v1/projects/recipe-archive-v2/releases {"releases":[{"name":"projects/recipe-archive-v2/releases/cloud.firestore","rulesetName":"projects/recipe-archive-v2/rulesets/bb18f806-ae0f-40e0-be49-ba5fa058fc23","createTime":"2023-07-28T04:40:10.013159Z","updateTime":"2023-08-27T19:57:08.357740Z"},{"name":"projects/recipe-archive-v2/releases/firebase.storage/recipe-archive-v2.appspot.com","rulesetName":"projects/recipe-archive-v2/rulesets/4ff066f1-7b27-4b90-9abd-c2cd0ae8ecbc","createTime":"2023-07-28T04:40:56.524746Z","updateTime":"2023-08-31T01:03:33.508487Z"}]}
[debug] [2023-10-03T04:56:01.147Z] Found ruleset: projects/recipe-archive-v2/rulesets/bb18f806-ae0f-40e0-be49-ba5fa058fc23
[debug] [2023-10-03T04:56:01.147Z] >>> [apiv2][query] GET https://firebaserules.googleapis.com/v1/projects/recipe-archive-v2/rulesets/bb18f806-ae0f-40e0-be49-ba5fa058fc23 [none]
[debug] [2023-10-03T04:56:01.269Z] <<< [apiv2][status] GET https://firebaserules.googleapis.com/v1/projects/recipe-archive-v2/rulesets/bb18f806-ae0f-40e0-be49-ba5fa058fc23 200
[debug] [2023-10-03T04:56:01.269Z] <<< [apiv2][body] GET https://firebaserules.googleapis.com/v1/projects/recipe-archive-v2/rulesets/bb18f806-ae0f-40e0-be49-ba5fa058fc23 [omitted]
[info] 
[info] Firestore indexes allow you to perform complex queries while
[info] maintaining performance that scales with the size of the result
[info] set. You can keep index definitions in your project directory
[info] and publish them with firebase deploy.
[info] 
[debug] [2023-10-03T04:56:06.418Z] >>> [apiv2][query] GET https://firestore.googleapis.com/v1/projects/recipe-archive-v2/databases/(default)/collectionGroups/-/indexes [none]
[debug] [2023-10-03T04:56:06.420Z] >>> [apiv2][query] GET https://firestore.googleapis.com/v1/projects/recipe-archive-v2/databases/(default)/collectionGroups/-/fields?filter=indexConfig.usesAncestorConfig=false OR ttlConfig:* [none]
[debug] [2023-10-03T04:56:06.883Z] <<< [apiv2][status] GET https://firestore.googleapis.com/v1/projects/recipe-archive-v2/databases/(default)/collectionGroups/-/indexes 200
[debug] [2023-10-03T04:56:06.883Z] <<< [apiv2][body] GET https://firestore.googleapis.com/v1/projects/recipe-archive-v2/databases/(default)/collectionGroups/-/indexes {}
[debug] [2023-10-03T04:56:06.884Z] <<< [apiv2][status] GET https://firestore.googleapis.com/v1/projects/recipe-archive-v2/databases/(default)/collectionGroups/-/fields?filter=indexConfig.usesAncestorConfig=false OR ttlConfig:* 200
[debug] [2023-10-03T04:56:06.884Z] <<< [apiv2][body] GET https://firestore.googleapis.com/v1/projects/recipe-archive-v2/databases/(default)/collectionGroups/-/fields?filter=indexConfig.usesAncestorConfig=false OR ttlConfig:* {"fields":[{"name":"projects/recipe-archive-v2/databases/(default)/collectionGroups/__default__/fields/*","indexConfig":{"indexes":[{"queryScope":"COLLECTION","fields":[{"fieldPath":"*","order":"ASCENDING"}],"state":"READY"},{"queryScope":"COLLECTION","fields":[{"fieldPath":"*","order":"DESCENDING"}],"state":"READY"},{"queryScope":"COLLECTION","fields":[{"fieldPath":"*","arrayConfig":"CONTAINS"}],"state":"READY"}]}}]}
[info] 
=== Hosting Setup
[info] 
[info] Your public directory is the folder (relative to your project directory) that
[info] will contain Hosting assets to be uploaded with firebase deploy. If you
[info] have a build process for your assets, use your build's output directory.
[info] 
[debug] [2023-10-03T04:56:31.408Z] >>> [apiv2][query] GET https://www.gstatic.com/firebasejs/releases.json [none]
[debug] [2023-10-03T04:56:31.511Z] <<< [apiv2][status] GET https://www.gstatic.com/firebasejs/releases.json 200
[debug] [2023-10-03T04:56:31.511Z] <<< [apiv2][body] GET https://www.gstatic.com/firebasejs/releases.json {"current":{"version":"10.4.0","browserURL":"https://www.gstatic.com/firebasejs/10.4.0/firebase.js","packageURL":"https://www.gstatic.com/firebasejs/10.4.0/firebase.tgz"},"live":{"version":"10.4","browserURL":"https://www.gstatic.com/firebasejs/live/10.4/firebase.js","packageURL":"https://www.gstatic.com/firebasejs/live/10.4/firebase.tgz"},"components":{"analytics":"https://www.gstatic.com/firebasejs/10.4.0/firebase-analytics.js","app":"https://www.gstatic.com/firebasejs/10.4.0/firebase-app.js","app-check":"https://www.gstatic.com/firebasejs/10.4.0/firebase-app-check.js","auth":"https://www.gstatic.com/firebasejs/10.4.0/firebase-auth.js","auth/cordova":"https://www.gstatic.com/firebasejs/10.4.0/firebase-auth/cordova.js","functions":"https://www.gstatic.com/firebasejs/10.4.0/firebase-functions.js","firestore":"https://www.gstatic.com/firebasejs/10.4.0/firebase-firestore.js","firestore/lite":"https://www.gstatic.com/firebasejs/10.4.0/firebase-firestore/lite.js","installations":"https://www.gstatic.com/firebasejs/10.4.0/firebase-installations.js","storage":"https://www.gstatic.com/firebasejs/10.4.0/firebase-storage.js","performance":"https://www.gstatic.com/firebasejs/10.4.0/firebase-performance.js","remote-config":"https://www.gstatic.com/firebasejs/10.4.0/firebase-remote-config.js","messaging":"https://www.gstatic.com/firebasejs/10.4.0/firebase-messaging.js","messaging/sw":"https://www.gstatic.com/firebasejs/10.4.0/firebase-messaging/sw.js","database":"https://www.gstatic.com/firebasejs/10.4.0/firebase-database.js","firestore.memory":"https://www.gstatic.com/firebasejs/10.4.0/firebase-firestore.memory.js"}}
[info] ✔  Wrote public/index.html 
[info] 
[info] i  Didn't detect a .git folder. Assuming /Users/sheajanke/Documents/Github/recipe-box-web is the project root. 
[info] i  Authorizing with GitHub to upload your service account to a GitHub repository's secrets store. 
[info] 
[info] Visit this URL on this device to log in:
[info] https://github.com/login/oauth/authorize?client_id=89cf50f02ac6aaed3484&state=863522185&redirect_uri=http%3A%2F%2Flocalhost%3A9005&scope=read%3Auser%20repo%20public_repo
[info] 
[info] Waiting for authentication...
[debug] [2023-10-03T04:56:50.959Z] >>> [apiv2][query] POST https://github.com/login/oauth/access_token [none]
[debug] [2023-10-03T04:56:50.960Z] >>> [apiv2][body] POST https://github.com/login/oauth/access_token [stream]
[debug] [2023-10-03T04:56:51.325Z] <<< [apiv2][status] POST https://github.com/login/oauth/access_token 200
[debug] [2023-10-03T04:56:51.326Z] <<< [apiv2][body] POST https://github.com/login/oauth/access_token {"access_token":"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","token_type":"bearer","scope":"read:user,repo"}
[debug] [2023-10-03T04:56:51.335Z] >>> [apiv2][query] GET https://api.github.com/user [none]
[debug] [2023-10-03T04:56:51.712Z] <<< [apiv2][status] GET https://api.github.com/user 200
[debug] [2023-10-03T04:56:51.713Z] <<< [apiv2][body] GET https://api.github.com/user {"login":"SheaJanke","id":50504641,"node_id":"MDQ6VXNlcjUwNTA0NjQx","avatar_url":"https://avatars.githubusercontent.com/u/50504641?v=4","gravatar_id":"","url":"https://api.github.com/users/SheaJanke","html_url":"https://github.com/SheaJanke","followers_url":"https://api.github.com/users/SheaJanke/followers","following_url":"https://api.github.com/users/SheaJanke/following{/other_user}","gists_url":"https://api.github.com/users/SheaJanke/gists{/gist_id}","starred_url":"https://api.github.com/users/SheaJanke/starred{/owner}{/repo}","subscriptions_url":"https://api.github.com/users/SheaJanke/subscriptions","organizations_url":"https://api.github.com/users/SheaJanke/orgs","repos_url":"https://api.github.com/users/SheaJanke/repos","events_url":"https://api.github.com/users/SheaJanke/events{/privacy}","received_events_url":"https://api.github.com/users/SheaJanke/received_events","type":"User","site_admin":false,"name":"Shea Janke","company":null,"blog":"","location":null,"email":null,"hireable":true,"bio":"Software Engineer @ Arista Networks","twitter_username":null,"public_repos":19,"public_gists":0,"followers":5,"following":5,"created_at":"2019-05-10T23:44:00Z","updated_at":"2023-02-25T02:08:40Z","private_gists":0,"total_private_repos":2,"owned_private_repos":2,"disk_usage":169653,"collaborators":0,"two_factor_authentication":false,"plan":{"name":"free","space":976562499,"collaborators":0,"private_repos":10000}}
[info] 
[info] ✔  Success! Logged into GitHub as SheaJanke 
[info] 
